<?xml version="1.0" encoding="UTF-8"?>
<!-- Generated by org.testng.reporters.JUnitReportReporter -->
<testsuite hostname="Sanket-PC" failures="0" tests="1" name="AxisBank.testNG.softassert_eg" time="8.862" errors="0" timestamp="2024-02-27T09:50:09 IST" skipped="0">
  <testcase classname="AxisBank.testNG.softassert_eg" name="testassert" time="8.862"/>
  <system-out/>
</testsuite> <!-- AxisBank.testNG.softassert_eg -->
