<?xml version="1.0" encoding="UTF-8"?>
<!-- Generated by org.testng.reporters.JUnitReportReporter -->
<testsuite hostname="Sanket-PC" failures="0" tests="2" name="AxisBank.testNG.Test1" time="0.823" errors="0" timestamp="28 Feb 2024 08:57:32 GMT" skipped="0">
  <testcase classname="AxisBank.testNG.Test1" name="configLogin1" time="0.031"/>
  <testcase classname="AxisBank.testNG.Test1" name="configLogin" time="0.792"/>
</testsuite> <!-- AxisBank.testNG.Test1 -->
