<?xml version="1.0" encoding="UTF-8"?>
<!-- Generated by org.testng.reporters.JUnitReportReporter -->
<testsuite hostname="Sanket-PC" failures="0" tests="2" name="AxisBank.testNG.Parallel" time="5.194" errors="0" timestamp="2024-02-27T10:20:29 IST" skipped="0">
  <testcase classname="AxisBank.testNG.Parallel" name="invokeedge" time="3.323"/>
  <system-out/>
  <testcase classname="AxisBank.testNG.Parallel" name="invokechrome" time="1.871"/>
  <system-out/>
</testsuite> <!-- AxisBank.testNG.Parallel -->
