<?xml version="1.0" encoding="UTF-8"?>
<!-- Generated by org.testng.reporters.JUnitReportReporter -->
<testsuite hostname="Sanket-PC" failures="0" tests="4" name="AxisBank.testNG.Grouping" time="0.048" errors="0" timestamp="2024-02-27T09:58:37 IST" skipped="0">
  <testcase classname="AxisBank.testNG.Grouping" name="login" time="0.012"/>
  <system-out/>
  <testcase classname="AxisBank.testNG.Grouping" name="Orders" time="0.012"/>
  <system-out/>
  <testcase classname="AxisBank.testNG.Grouping" name="ProductsListed" time="0.012"/>
  <system-out/>
  <testcase classname="AxisBank.testNG.Grouping" name="AddtoCart" time="0.012"/>
  <system-out/>
</testsuite> <!-- AxisBank.testNG.Grouping -->
