<?xml version="1.0" encoding="UTF-8"?>
<!-- Generated by org.testng.reporters.JUnitReportReporter -->
<testsuite hostname="Sanket-PC" failures="0" tests="1" name="AxisBank.testNG.softassert_eg" time="5.160" errors="0" timestamp="28 Feb 2024 08:57:32 GMT" skipped="0">
  <testcase classname="AxisBank.testNG.softassert_eg" name="testassert" time="5.160"/>
</testsuite> <!-- AxisBank.testNG.softassert_eg -->
