<?xml version="1.0" encoding="UTF-8"?>
<!-- Generated by org.testng.reporters.JUnitReportReporter -->
<testsuite hostname="Sanket-PC" failures="0" tests="3" name="AxisBank.testNG.Test2" time="1.984" errors="0" timestamp="28 Feb 2024 08:57:32 GMT" skipped="1">
  <testcase classname="AxisBank.testNG.Test2" name="testcase1" time="0.001"/>
  <testcase classname="AxisBank.testNG.Test2" name="testcaseMain" time="1.983"/>
  <testcase classname="AxisBank.testNG.Test2" name="testcase2">
    <skipped/>
  </testcase> <!-- testcase2 -->
</testsuite> <!-- AxisBank.testNG.Test2 -->
