<?xml version="1.0" encoding="UTF-8"?>
<!-- Generated by org.testng.reporters.JUnitReportReporter -->
<testsuite hostname="Sanket-PC" failures="0" tests="2" name="AxisBank.testNG.Annotations" time="0.010" errors="0" timestamp="27 Feb 2024 06:56:28 GMT" skipped="0">
  <testcase classname="AxisBank.testNG.Annotations" name="f" time="0.008"/>
  <testcase classname="AxisBank.testNG.Annotations" name="f2" time="0.002"/>
</testsuite> <!-- AxisBank.testNG.Annotations -->
