<?xml version="1.0" encoding="UTF-8"?>
<!-- Generated by org.testng.reporters.JUnitReportReporter -->
<testsuite hostname="Sanket-PC" failures="0" tests="3" name="AxisBank.testNG.Test2" time="1.903" errors="0" timestamp="2024-02-27T09:50:09 IST" skipped="1">
  <testcase classname="AxisBank.testNG.Test2" name="testcase1" time="0.003"/>
  <system-out/>
  <testcase classname="AxisBank.testNG.Test2" name="testcaseMain" time="1.900"/>
  <system-out/>
  <testcase classname="AxisBank.testNG.Test2" name="testcase2">
    <skipped/>
  </testcase> <!-- testcase2 -->
  <system-out/>
</testsuite> <!-- AxisBank.testNG.Test2 -->
