<?xml version="1.0" encoding="UTF-8"?>
<!-- Generated by org.testng.reporters.JUnitReportReporter -->
<testsuite hostname="Sanket-PC" failures="0" tests="1" name="AxisBank.testNG.softassert_eg" time="10.839" errors="0" timestamp="2024-02-28T14:30:21 IST" skipped="0">
  <testcase classname="AxisBank.testNG.softassert_eg" name="testassert" time="10.839"/>
  <system-out/>
</testsuite> <!-- AxisBank.testNG.softassert_eg -->
