<?xml version="1.0" encoding="UTF-8"?>
<!-- Generated by org.testng.reporters.JUnitReportReporter -->
<testsuite hostname="Sanket-PC" failures="0" tests="2" name="AxisBank.testNG.Test1" time="0.879" errors="0" timestamp="2024-02-28T14:30:21 IST" skipped="0">
  <testcase classname="AxisBank.testNG.Test1" name="configLogin1" time="0.031"/>
  <system-out/>
  <testcase classname="AxisBank.testNG.Test1" name="configLogin" time="0.848"/>
  <system-out/>
</testsuite> <!-- AxisBank.testNG.Test1 -->
