<?xml version="1.0" encoding="UTF-8"?>
<!-- Generated by org.testng.reporters.JUnitReportReporter -->
<testsuite hostname="Sanket-PC" failures="0" tests="3" name="AxisBank.testNG.Test2" time="2.571" errors="0" timestamp="2024-02-28T14:30:21 IST" skipped="1">
  <testcase classname="AxisBank.testNG.Test2" name="testcase1" time="0.000"/>
  <system-out/>
  <testcase classname="AxisBank.testNG.Test2" name="testcaseMain" time="2.571"/>
  <system-out/>
  <testcase classname="AxisBank.testNG.Test2" name="testcase2">
    <skipped/>
  </testcase> <!-- testcase2 -->
  <system-out/>
</testsuite> <!-- AxisBank.testNG.Test2 -->
